0 info it worked if it ends with ok
1 verbose cli [ 'node', '/usr/local/bin/npm', 'install', '-g', 'learnyounode' ]
2 info using npm@2.5.1
3 info using node@v0.12.0
4 silly cache add args [ 'learnyounode', null ]
5 verbose cache add spec learnyounode
6 silly cache add parsed spec { raw: 'learnyounode',
6 silly cache add   scope: null,
6 silly cache add   name: 'learnyounode',
6 silly cache add   rawSpec: '',
6 silly cache add   spec: '*',
6 silly cache add   type: 'range' }
7 verbose addNamed learnyounode@*
8 silly addNamed semver.valid null
9 silly addNamed semver.validRange *
10 silly addNameRange { name: 'learnyounode', range: '*', hasData: false }
11 silly mapToRegistry name learnyounode
12 silly mapToRegistry using default registry
13 silly mapToRegistry registry https://registry.npmjs.org/
14 silly mapToRegistry uri https://registry.npmjs.org/learnyounode
15 verbose addNameRange registry:https://registry.npmjs.org/learnyounode not in flight; fetching
16 verbose request uri https://registry.npmjs.org/learnyounode
17 verbose request no auth needed
18 info attempt registry request try #1 at 2:45:56 PM
19 verbose request id a7e4020abf829f3f
20 verbose etag "1VE7JNZJZLN1EA3RQVBXPQRON"
21 http request GET https://registry.npmjs.org/learnyounode
22 http 304 https://registry.npmjs.org/learnyounode
23 silly get cb [ 304,
23 silly get   { date: 'Mon, 09 Feb 2015 22:45:56 GMT',
23 silly get     server: 'Apache',
23 silly get     via: '1.1 varnish',
23 silly get     'last-modified': 'Mon, 09 Feb 2015 22:45:56 GMT',
23 silly get     'cache-control': 'max-age=60',
23 silly get     etag: '"1VE7JNZJZLN1EA3RQVBXPQRON"',
23 silly get     age: '0',
23 silly get     'x-served-by': 'cache-lax1421-LAX',
23 silly get     'x-cache': 'HIT',
23 silly get     'x-cache-hits': '1',
23 silly get     'x-timer': 'S1423521956.768804,VS0,VE73',
23 silly get     vary: 'Accept',
23 silly get     'content-length': '0',
23 silly get     'keep-alive': 'timeout=10, max=50',
23 silly get     connection: 'Keep-Alive' } ]
24 verbose etag https://registry.npmjs.org/learnyounode from cache
25 verbose get saving learnyounode to /Users/alex/.npm/registry.npmjs.org/learnyounode/.cache.json
26 silly addNameRange number 2 { name: 'learnyounode', range: '*', hasData: true }
27 silly addNameRange versions [ 'learnyounode',
27 silly addNameRange   [ '0.0.0',
27 silly addNameRange     '0.0.1',
27 silly addNameRange     '0.0.2',
27 silly addNameRange     '0.0.3',
27 silly addNameRange     '0.0.4',
27 silly addNameRange     '0.0.5',
27 silly addNameRange     '0.0.6',
27 silly addNameRange     '0.0.7',
27 silly addNameRange     '0.0.8',
27 silly addNameRange     '0.0.9',
27 silly addNameRange     '0.1.0',
27 silly addNameRange     '0.1.1',
27 silly addNameRange     '0.2.0',
27 silly addNameRange     '0.2.1',
27 silly addNameRange     '0.2.2',
27 silly addNameRange     '0.2.3',
27 silly addNameRange     '0.2.4',
27 silly addNameRange     '0.2.5',
27 silly addNameRange     '0.2.6',
27 silly addNameRange     '0.2.7',
27 silly addNameRange     '0.2.8',
27 silly addNameRange     '0.2.9',
27 silly addNameRange     '0.2.10',
27 silly addNameRange     '0.2.11',
27 silly addNameRange     '0.2.12',
27 silly addNameRange     '0.2.13',
27 silly addNameRange     '0.2.14',
27 silly addNameRange     '0.2.15',
27 silly addNameRange     '0.2.16',
27 silly addNameRange     '0.2.16-mimbug',
27 silly addNameRange     '0.3.0',
27 silly addNameRange     '0.3.1',
27 silly addNameRange     '0.3.2',
27 silly addNameRange     '0.3.3',
27 silly addNameRange     '0.4.0',
27 silly addNameRange     '0.4.1',
27 silly addNameRange     '1.0.0-alpha01',
27 silly addNameRange     '1.0.0',
27 silly addNameRange     '1.0.1',
27 silly addNameRange     '1.0.2',
27 silly addNameRange     '1.0.3',
27 silly addNameRange     '1.0.4',
27 silly addNameRange     '1.0.5',
27 silly addNameRange     '1.0.6',
27 silly addNameRange     '1.0.7',
27 silly addNameRange     '2.0.0',
27 silly addNameRange     '2.0.1',
27 silly addNameRange     '2.1.0',
27 silly addNameRange     '2.2.0',
27 silly addNameRange     '2.2.1',
27 silly addNameRange     '2.2.2',
27 silly addNameRange     '2.3.0',
27 silly addNameRange     '2.3.1',
27 silly addNameRange     '2.3.2',
27 silly addNameRange     '2.3.3' ] ]
28 verbose addNamed learnyounode@2.3.3
29 silly addNamed semver.valid 2.3.3
30 silly addNamed semver.validRange 2.3.3
31 silly cache afterAdd learnyounode@2.3.3
32 verbose afterAdd /Users/alex/.npm/learnyounode/2.3.3/package/package.json not in flight; writing
33 verbose afterAdd /Users/alex/.npm/learnyounode/2.3.3/package/package.json written
34 silly install resolved [ { name: 'learnyounode',
34 silly install resolved     version: '2.3.3',
34 silly install resolved     description: 'Learn You The Node.js For Much Win! An intro to Node.js via a set of self-guided workshops.',
34 silly install resolved     author:
34 silly install resolved      { name: 'Rod Vagg',
34 silly install resolved        email: 'rod@vagg.org',
34 silly install resolved        url: 'https://github.com/rvagg' },
34 silly install resolved     contributors:
34 silly install resolved      [ [Object],
34 silly install resolved        [Object],
34 silly install resolved        [Object],
34 silly install resolved        [Object],
34 silly install resolved        [Object],
34 silly install resolved        [Object],
34 silly install resolved        [Object],
34 silly install resolved        [Object],
34 silly install resolved        [Object],
34 silly install resolved        [Object],
34 silly install resolved        [Object],
34 silly install resolved        [Object],
34 silly install resolved        [Object] ],
34 silly install resolved     repository:
34 silly install resolved      { type: 'git',
34 silly install resolved        url: 'https://github.com/rvagg/learnyounode.git' },
34 silly install resolved     license: 'MIT',
34 silly install resolved     dependencies:
34 silly install resolved      { after: '~0.8.1',
34 silly install resolved        bl: '~0.7.0',
34 silly install resolved        boganipsum: '~0.1.0',
34 silly install resolved        chalk: '~0.4.0',
34 silly install resolved        'colors-tmpl': '~0.1.0',
34 silly install resolved        'combined-stream': '~0.0.7',
34 silly install resolved        'concat-stream': '~1.4.1',
34 silly install resolved        duplexer: '~0.1.1',
34 silly install resolved        hyperquest: '~0.2.0',
34 silly install resolved        rimraf: '~2.2.6',
34 silly install resolved        through: '~2.3.4',
34 silly install resolved        through2: '~0.4.1',
34 silly install resolved        'through2-map': '~1.2.1',
34 silly install resolved        workshopper: '~2.2.0',
34 silly install resolved        'workshopper-boilerplate': '~0.0.1',
34 silly install resolved        'workshopper-exercise': '~2.1.0',
34 silly install resolved        'workshopper-wrappedexec': '~0.1.1' },
34 silly install resolved     bin: { learnyounode: './learnyounode.js' },
34 silly install resolved     preferGlobal: true,
34 silly install resolved     gitHead: 'aff7e848eab9acf06bd70ab3d42d3f9a4ad6f829',
34 silly install resolved     bugs: { url: 'https://github.com/rvagg/learnyounode/issues' },
34 silly install resolved     homepage: 'https://github.com/rvagg/learnyounode',
34 silly install resolved     _id: 'learnyounode@2.3.3',
34 silly install resolved     scripts: {},
34 silly install resolved     _shasum: '1892755a821a780739d03277f26ab127a86bb7fd',
34 silly install resolved     _from: 'learnyounode@*',
34 silly install resolved     _npmVersion: '2.3.0',
34 silly install resolved     _nodeVersion: '1.0.4',
34 silly install resolved     _npmUser: { name: 'rvagg', email: 'rod@vagg.org' },
34 silly install resolved     maintainers: [ [Object] ],
34 silly install resolved     dist:
34 silly install resolved      { shasum: '1892755a821a780739d03277f26ab127a86bb7fd',
34 silly install resolved        tarball: 'http://registry.npmjs.org/learnyounode/-/learnyounode-2.3.3.tgz' },
34 silly install resolved     directories: {},
34 silly install resolved     _resolved: 'https://registry.npmjs.org/learnyounode/-/learnyounode-2.3.3.tgz',
34 silly install resolved     readme: 'ERROR: No README data found!' } ]
35 info install learnyounode@2.3.3 into /usr/local/lib
36 info installOne learnyounode@2.3.3
37 verbose installOne of learnyounode to /usr/local/lib not in flight; installing
38 verbose lock using /Users/alex/.npm/_locks/learnyounode-3267a39f0ae1a4f5.lock for /usr/local/lib/node_modules/learnyounode
39 silly install write writing learnyounode 2.3.3 to /usr/local/lib/node_modules/learnyounode
40 silly cache addNamed cb learnyounode@2.3.3
41 verbose unbuild lib/node_modules/learnyounode
42 verbose gentlyRm vacuuming /usr/local/lib/node_modules/learnyounode
43 verbose tar unpack /Users/alex/.npm/learnyounode/2.3.3/package.tgz
44 verbose tar unpacking to /usr/local/lib/node_modules/learnyounode
45 verbose gentlyRm vacuuming /usr/local/lib/node_modules/learnyounode
46 silly gunzTarPerm modes [ '755', '644' ]
47 error tar.unpack untar error /Users/alex/.npm/learnyounode/2.3.3/package.tgz
48 verbose unlock done using /Users/alex/.npm/_locks/learnyounode-3267a39f0ae1a4f5.lock for /usr/local/lib/node_modules/learnyounode
49 verbose fstream_path /usr/local/lib/node_modules/learnyounode
50 verbose fstream_type Directory
51 verbose fstream_class DirWriter
52 verbose stack Error: EACCES, mkdir '/usr/local/lib/node_modules/learnyounode'
52 verbose stack     at Error (native)
53 verbose fstream_stack /usr/local/lib/node_modules/npm/node_modules/fstream/lib/dir-writer.js:36:23
53 verbose fstream_stack /usr/local/lib/node_modules/npm/node_modules/mkdirp/index.js:46:53
53 verbose fstream_stack FSReqWrap.oncomplete (fs.js:99:15)
54 verbose cwd /Users/alex/work/stukdo
55 error Darwin 14.1.0
56 error argv "node" "/usr/local/bin/npm" "install" "-g" "learnyounode"
57 error node v0.12.0
58 error npm  v2.5.1
59 error path /usr/local/lib/node_modules/learnyounode
60 error code EACCES
61 error errno -13
62 error Error: EACCES, mkdir '/usr/local/lib/node_modules/learnyounode'
62 error     at Error (native)
62 error  { [Error: EACCES, mkdir '/usr/local/lib/node_modules/learnyounode']
62 error   errno: -13,
62 error   code: 'EACCES',
62 error   path: '/usr/local/lib/node_modules/learnyounode',
62 error   fstream_type: 'Directory',
62 error   fstream_path: '/usr/local/lib/node_modules/learnyounode',
62 error   fstream_class: 'DirWriter',
62 error   fstream_stack:
62 error    [ '/usr/local/lib/node_modules/npm/node_modules/fstream/lib/dir-writer.js:36:23',
62 error      '/usr/local/lib/node_modules/npm/node_modules/mkdirp/index.js:46:53',
62 error      'FSReqWrap.oncomplete (fs.js:99:15)' ] }
63 error Please try running this command again as root/Administrator.
64 verbose exit [ -13, true ]
65 verbose unbuild lib/node_modules/learnyounode
66 verbose gentlyRm vacuuming /usr/local/lib/node_modules/learnyounode
